<?xml version="1.0" encoding="UTF-8"?>
<!-- Generated by org.testng.reporters.JUnitReportReporter -->
<testsuite hostname="MWDH-Work2" failures="0" tests="1" name="ass5W9D3.ChromeWebDriverAss3W9D3" time="20.429" errors="0" timestamp="2022-08-03T13:55:27 AST" skipped="0">
  <testcase classname="ass5W9D3.ChromeWebDriverAss3W9D3" name="LearnEnglishWebSite" time="20.429"/>
  <system-out/>
</testsuite> <!-- ass5W9D3.ChromeWebDriverAss3W9D3 -->
